<?xml version="1.0" encoding="UTF-8"?>
<!-- Generated by org.testng.reporters.JUnitReportReporter -->
<testsuite hostname="Jay-Dragonfly" failures="0" tests="3" name="MavenPakage.DPExp" time="0.008" errors="0" timestamp="2024-05-24T20:29:47 PDT" skipped="0">
  <testcase classname="MavenPakage.DPExp" name="login" time="0.002"/>
  <system-out/>
  <testcase classname="MavenPakage.DPExp" name="login" time="0.003"/>
  <system-out/>
  <testcase classname="MavenPakage.DPExp" name="login" time="0.003"/>
  <system-out/>
</testsuite> <!-- MavenPakage.DPExp -->
