<?xml version="1.0" encoding="UTF-8"?>
<!-- Generated by org.testng.reporters.JUnitReportReporter -->
<testsuite hostname="Jay-Dragonfly" failures="0" tests="4" name="MavenPakage.MouseHover" time="22.859" errors="0" timestamp="2024-05-24T20:29:47 PDT" skipped="0">
  <testcase classname="MavenPakage.MouseHover" name="dragable" time="5.718"/>
  <system-out/>
  <testcase classname="MavenPakage.MouseHover" name="dragAndDrop" time="5.856"/>
  <system-out/>
  <testcase classname="MavenPakage.MouseHover" name="resizable" time="5.717"/>
  <system-out/>
  <testcase classname="MavenPakage.MouseHover" name="sortable" time="5.568"/>
  <system-out/>
</testsuite> <!-- MavenPakage.MouseHover -->
