<?xml version="1.0" encoding="UTF-8"?>
<!-- Generated by org.testng.reporters.JUnitReportReporter -->
<testsuite hostname="Jay-Dragonfly" failures="0" tests="1" name="sce1.CaptchaDemo" time="5.372" errors="0" timestamp="2024-05-22T22:18:22 PDT" skipped="0">
  <testcase classname="sce1.CaptchaDemo" name="mathCaptcha" time="5.372"/>
  <system-out/>
</testsuite> <!-- sce1.CaptchaDemo -->
