<?xml version="1.0" encoding="UTF-8"?>
<!-- Generated by org.testng.reporters.JUnitReportReporter -->
<testsuite hostname="Jay-Dragonfly" failures="0" tests="4" name="MavenPakage.LoginToInstagramUsingExcelData" time="13.366" errors="0" timestamp="2024-05-24T20:29:47 PDT" skipped="0">
  <testcase classname="MavenPakage.LoginToInstagramUsingExcelData" name="loginData" time="3.297"/>
  <system-out/>
  <testcase classname="MavenPakage.LoginToInstagramUsingExcelData" name="loginData" time="3.358"/>
  <system-out/>
  <testcase classname="MavenPakage.LoginToInstagramUsingExcelData" name="loginData" time="3.353"/>
  <system-out/>
  <testcase classname="MavenPakage.LoginToInstagramUsingExcelData" name="loginData" time="3.358"/>
  <system-out/>
</testsuite> <!-- MavenPakage.LoginToInstagramUsingExcelData -->
