<?xml version="1.0" encoding="UTF-8"?>
<!-- Generated by org.testng.reporters.JUnitReportReporter -->
<testsuite hostname="Jay-Dragonfly" failures="0" tests="5" name="MavenPakage.LoginUsingExcel" time="15.439" errors="0" timestamp="2024-05-24T20:29:47 PDT" skipped="0">
  <testcase classname="MavenPakage.LoginUsingExcel" name="login" time="3.117"/>
  <system-out/>
  <testcase classname="MavenPakage.LoginUsingExcel" name="login" time="3.075"/>
  <system-out/>
  <testcase classname="MavenPakage.LoginUsingExcel" name="login" time="3.106"/>
  <system-out/>
  <testcase classname="MavenPakage.LoginUsingExcel" name="login" time="3.063"/>
  <system-out/>
  <testcase classname="MavenPakage.LoginUsingExcel" name="login" time="3.078"/>
  <system-out/>
</testsuite> <!-- MavenPakage.LoginUsingExcel -->
