<?xml version="1.0" encoding="UTF-8"?>
<!-- Generated by org.testng.reporters.JUnitReportReporter -->
<testsuite hostname="Jay-Dragonfly" failures="0" tests="4" name="sce1.MouseHover" time="23.684" errors="0" timestamp="2024-05-22T22:18:22 PDT" skipped="0">
  <testcase classname="sce1.MouseHover" name="dragable" time="5.660"/>
  <system-out/>
  <testcase classname="sce1.MouseHover" name="dragAndDrop" time="5.793"/>
  <system-out/>
  <testcase classname="sce1.MouseHover" name="resizable" time="6.095"/>
  <system-out/>
  <testcase classname="sce1.MouseHover" name="sortable" time="6.136"/>
  <system-out/>
</testsuite> <!-- sce1.MouseHover -->
