<?xml version="1.0" encoding="UTF-8"?>
<!-- Generated by org.testng.reporters.JUnitReportReporter -->
<testsuite hostname="Jay-Dragonfly" failures="0" tests="1" name="MavenPakage.LoginToInsta" time="10.485" errors="0" timestamp="2024-05-24T20:29:47 PDT" skipped="0">
  <testcase classname="MavenPakage.LoginToInsta" name="loginData" time="10.485"/>
  <system-out/>
</testsuite> <!-- MavenPakage.LoginToInsta -->
