<?xml version="1.0" encoding="UTF-8"?>
<!-- Generated by org.testng.reporters.JUnitReportReporter -->
<testsuite hostname="Jay-Dragonfly" failures="0" tests="2" name="MavenPakage.MoreAnnotations" time="0.004" errors="0" timestamp="2024-05-24T20:29:47 PDT" skipped="0">
  <testcase classname="MavenPakage.MoreAnnotations" name="testCase1" time="0.003"/>
  <system-out/>
  <testcase classname="MavenPakage.MoreAnnotations" name="testCase2" time="0.001"/>
  <system-out/>
</testsuite> <!-- MavenPakage.MoreAnnotations -->
